# JRE version: OpenJDK Runtime Environment (17.0.7) (build 17.0.7+0-b2043.56-10550314)
# Java VM: OpenJDK 64-Bit Server VM (17.0.7+0-b2043.56-10550314, mixed mode, tiered, compressed oops, compressed class ptrs, g1 gc, windows-amd64)
GC Precious Log:
 CPUs: 2 total, 2 available
 Memory: 1952M
 Large Page Support: Disabled
 NUMA Support: Disabled
 Compressed Oops: Enabled (32-bit)
 Heap Region Size: 1M
 Heap Min Capacity: 8M
 Heap Initial Capacity: 32M
 Heap Max Capacity: 2G
 Pre-touch: Disabled
 Parallel Workers: 2
 Concurrent Workers: 1
 Concurrent Refinement Workers: 2
 Periodic GC: Disabled
Heap:
 garbage-first heap   total 188416K, used 94295K [0x0000000080000000, 0x0000000100000000)
  region size 1024K, 1 young (1024K), 1 survivors (1024K)
 Metaspace       used 83137K, committed 83904K, reserved 1179648K
  class space    used 11570K, committed 11904K, reserved 1048576K
GC Heap History (20 events):
Event: 72.515 GC heap after
{Heap after GC invocations=74 (full 0):
 garbage-first heap   total 138240K, used 81011K [0x0000000080000000, 0x0000000100000000)
  region size 1024K, 1 young (1024K), 1 survivors (1024K)
 Metaspace       used 64883K, committed 65536K, reserved 1114112K
  class space    used 9195K, committed 9472K, reserved 1048576K
}
Event: 73.860 GC heap before
{Heap before GC invocations=74 (full 0):
 garbage-first heap   total 138240K, used 101491K [0x0000000080000000, 0x0000000100000000)
  region size 1024K, 22 young (22528K), 1 survivors (1024K)
 Metaspace       used 67446K, committed 68096K, reserved 1114112K
  class space    used 9471K, committed 9728K, reserved 1048576K
}
Event: 73.865 GC heap after
{Heap after GC invocations=75 (full 0):
 garbage-first heap   total 138240K, used 81459K [0x0000000080000000, 0x0000000100000000)
  region size 1024K, 1 young (1024K), 1 survivors (1024K)
 Metaspace       used 67446K, committed 68096K, reserved 1114112K
  class space    used 9471K, committed 9728K, reserved 1048576K
}
Event: 80.625 GC heap before
{Heap before GC invocations=76 (full 0):
 garbage-first heap   total 140288K, used 103987K [0x0000000080000000, 0x0000000100000000)
  region size 1024K, 24 young (24576K), 1 survivors (1024K)
 Metaspace       used 69766K, committed 70464K, reserved 1114112K
  class space    used 9752K, committed 10048K, reserved 1048576K
}
Event: 80.643 GC heap after
{Heap after GC invocations=77 (full 0):
 garbage-first heap   total 175104K, used 82371K [0x0000000080000000, 0x0000000100000000)
  region size 1024K, 2 young (2048K), 2 survivors (2048K)
 Metaspace       used 69766K, committed 70464K, reserved 1114112K
  class space    used 9752K, committed 10048K, reserved 1048576K
}
Event: 89.081 GC heap before
{Heap before GC invocations=77 (full 0):
 garbage-first heap   total 175104K, used 103875K [0x0000000080000000, 0x0000000100000000)
  region size 1024K, 24 young (24576K), 2 survivors (2048K)
 Metaspace       used 73523K, committed 74240K, reserved 1114112K
  class space    used 10254K, committed 10560K, reserved 1048576K
}
Event: 89.194 GC heap after
{Heap after GC invocations=78 (full 0):
 garbage-first heap   total 175104K, used 84648K [0x0000000080000000, 0x0000000100000000)
  region size 1024K, 4 young (4096K), 4 survivors (4096K)
 Metaspace       used 73523K, committed 74240K, reserved 1114112K
  class space    used 10254K, committed 10560K, reserved 1048576K
}
Event: 95.576 GC heap before
{Heap before GC invocations=79 (full 0):
 garbage-first heap   total 188416K, used 135848K [0x0000000080000000, 0x0000000100000000)
  region size 1024K, 48 young (49152K), 4 survivors (4096K)
 Metaspace       used 76025K, committed 76800K, reserved 1179648K
  class space    used 10605K, committed 10944K, reserved 1048576K
}
Event: 95.637 GC heap after
{Heap after GC invocations=80 (full 0):
 garbage-first heap   total 188416K, used 88634K [0x0000000080000000, 0x0000000100000000)
  region size 1024K, 6 young (6144K), 6 survivors (6144K)
 Metaspace       used 76025K, committed 76800K, reserved 1179648K
  class space    used 10605K, committed 10944K, reserved 1048576K
}
Event: 111.946 GC heap before
{Heap before GC invocations=80 (full 0):
 garbage-first heap   total 188416K, used 135738K [0x0000000080000000, 0x0000000100000000)
  region size 1024K, 52 young (53248K), 6 survivors (6144K)
 Metaspace       used 80732K, committed 81472K, reserved 1179648K
  class space    used 11241K, committed 11584K, reserved 1048576K
}
Event: 115.831 GC heap after
{Heap after GC invocations=81 (full 0):
 garbage-first heap   total 188416K, used 90876K [0x0000000080000000, 0x0000000100000000)
  region size 1024K, 3 young (3072K), 3 survivors (3072K)
 Metaspace       used 80732K, committed 81472K, reserved 1179648K
  class space    used 11241K, committed 11584K, reserved 1048576K
}
Event: 116.658 GC heap before
{Heap before GC invocations=81 (full 0):
 garbage-first heap   total 188416K, used 95996K [0x0000000080000000, 0x0000000100000000)
  region size 1024K, 9 young (9216K), 3 survivors (3072K)
 Metaspace       used 81425K, committed 82112K, reserved 1179648K
  class space    used 11335K, committed 11648K, reserved 1048576K
}
Event: 117.041 GC heap after
{Heap after GC invocations=82 (full 0):
 garbage-first heap   total 188416K, used 91428K [0x0000000080000000, 0x0000000100000000)
  region size 1024K, 1 young (1024K), 1 survivors (1024K)
 Metaspace       used 81425K, committed 82112K, reserved 1179648K
  class space    used 11335K, committed 11648K, reserved 1048576K
}
Event: 121.539 GC heap before
{Heap before GC invocations=83 (full 0):
 garbage-first heap   total 188416K, used 98596K [0x0000000080000000, 0x0000000100000000)
  region size 1024K, 9 young (9216K), 1 survivors (1024K)
 Metaspace       used 81933K, committed 82624K, reserved 1179648K
  class space    used 11402K, committed 11712K, reserved 1048576K
}
Event: 121.583 GC heap after
{Heap after GC invocations=84 (full 0):
 garbage-first heap   total 188416K, used 92404K [0x0000000080000000, 0x0000000100000000)
  region size 1024K, 2 young (2048K), 2 survivors (2048K)
 Metaspace       used 81933K, committed 82624K, reserved 1179648K
  class space    used 11402K, committed 11712K, reserved 1048576K
}
Event: 121.835 GC heap before
{Heap before GC invocations=84 (full 0):
 garbage-first heap   total 188416K, used 98548K [0x0000000080000000, 0x0000000100000000)
  region size 1024K, 9 young (9216K), 2 survivors (2048K)
 Metaspace       used 81969K, committed 82624K, reserved 1179648K
  class space    used 11402K, committed 11712K, reserved 1048576K
}
Event: 121.866 GC heap after
{Heap after GC invocations=85 (full 0):
 garbage-first heap   total 188416K, used 94118K [0x0000000080000000, 0x0000000100000000)
  region size 1024K, 2 young (2048K), 2 survivors (2048K)
 Metaspace       used 81969K, committed 82624K, reserved 1179648K
  class space    used 11402K, committed 11712K, reserved 1048576K
}
Event: 172.527 GC heap before
{Heap before GC invocations=86 (full 0):
 garbage-first heap   total 188416K, used 100262K [0x0000000080000000, 0x0000000100000000)
  region size 1024K, 9 young (9216K), 2 survivors (2048K)
 Metaspace       used 82099K, committed 82816K, reserved 1179648K
  class space    used 11416K, committed 11712K, reserved 1048576K
}
Event: 173.297 GC heap after
{Heap after GC invocations=87 (full 0):
 garbage-first heap   total 188416K, used 94536K [0x0000000080000000, 0x0000000100000000)
  region size 1024K, 1 young (1024K), 1 survivors (1024K)
 Metaspace       used 82099K, committed 82816K, reserved 1179648K
  class space    used 11416K, committed 11712K, reserved 1048576K
}
Event: 176.840 GC heap before
{Heap before GC invocations=87 (full 0):
 garbage-first heap   total 188416K, used 101704K [0x0000000080000000, 0x0000000100000000)
  region size 1024K, 9 young (9216K), 1 survivors (1024K)
 Metaspace       used 83137K, committed 83904K, reserved 1179648K
  class space    used 11570K, committed 11904K, reserved 1048576K
}

