# JRE version: OpenJDK Runtime Environment (17.0.7) (build 17.0.7+0-b2043.56-10550314)
# Java VM: OpenJDK 64-Bit Server VM (17.0.7+0-b2043.56-10550314, mixed mode, tiered, compressed oops, compressed class ptrs, g1 gc, windows-amd64)
GC Precious Log:
 CPUs: 2 total, 2 available
 Memory: 1952M
 Large Page Support: Disabled
 NUMA Support: Disabled
 Compressed Oops: Enabled (32-bit)
 Heap Region Size: 1M
 Heap Min Capacity: 8M
 Heap Initial Capacity: 32M
 Heap Max Capacity: 2G
 Pre-touch: Disabled
 Parallel Workers: 2
 Concurrent Workers: 1
 Concurrent Refinement Workers: 2
 Periodic GC: Disabled
Heap:
 garbage-first heap   total 533504K, used 210711K [0x0000000080000000, 0x0000000100000000)
  region size 1024K, 37 young (37888K), 7 survivors (7168K)
 Metaspace       used 147981K, committed 148864K, reserved 1179648K
  class space    used 19132K, committed 19520K, reserved 1048576K
GC Heap History (20 events):
Event: 125.533 GC heap before
{Heap before GC invocations=85 (full 0):
 garbage-first heap   total 226304K, used 137188K [0x0000000080000000, 0x0000000100000000)
  region size 1024K, 11 young (11264K), 8 survivors (8192K)
 Metaspace       used 123751K, committed 124544K, reserved 1179648K
  class space    used 15879K, committed 16256K, reserved 1048576K
}
Event: 125.628 GC heap after
{Heap after GC invocations=86 (full 0):
 garbage-first heap   total 226304K, used 133670K [0x0000000080000000, 0x0000000100000000)
  region size 1024K, 1 young (1024K), 1 survivors (1024K)
 Metaspace       used 123751K, committed 124544K, reserved 1179648K
  class space    used 15879K, committed 16256K, reserved 1048576K
}
Event: 133.056 GC heap before
{Heap before GC invocations=86 (full 0):
 garbage-first heap   total 226304K, used 175654K [0x0000000080000000, 0x0000000100000000)
  region size 1024K, 43 young (44032K), 1 survivors (1024K)
 Metaspace       used 129422K, committed 130304K, reserved 1179648K
  class space    used 16610K, committed 17024K, reserved 1048576K
}
Event: 133.091 GC heap after
{Heap after GC invocations=87 (full 0):
 garbage-first heap   total 226304K, used 136166K [0x0000000080000000, 0x0000000100000000)
  region size 1024K, 3 young (3072K), 3 survivors (3072K)
 Metaspace       used 129422K, committed 130304K, reserved 1179648K
  class space    used 16610K, committed 17024K, reserved 1048576K
}
Event: 139.053 GC heap before
{Heap before GC invocations=88 (full 0):
 garbage-first heap   total 252928K, used 193510K [0x0000000080000000, 0x0000000100000000)
  region size 1024K, 56 young (57344K), 3 survivors (3072K)
 Metaspace       used 132594K, committed 133376K, reserved 1179648K
  class space    used 17058K, committed 17408K, reserved 1048576K
}
Event: 139.080 GC heap after
{Heap after GC invocations=89 (full 0):
 garbage-first heap   total 252928K, used 137216K [0x0000000080000000, 0x0000000100000000)
  region size 1024K, 7 young (7168K), 7 survivors (7168K)
 Metaspace       used 132594K, committed 133376K, reserved 1179648K
  class space    used 17058K, committed 17408K, reserved 1048576K
}
Event: 139.528 GC heap before
{Heap before GC invocations=89 (full 0):
 garbage-first heap   total 252928K, used 141312K [0x0000000080000000, 0x0000000100000000)
  region size 1024K, 12 young (12288K), 7 survivors (7168K)
 Metaspace       used 132983K, committed 133760K, reserved 1179648K
  class space    used 17094K, committed 17472K, reserved 1048576K
}
Event: 139.673 GC heap after
{Heap after GC invocations=90 (full 0):
 garbage-first heap   total 252928K, used 135301K [0x0000000080000000, 0x0000000100000000)
  region size 1024K, 1 young (1024K), 1 survivors (1024K)
 Metaspace       used 132983K, committed 133760K, reserved 1179648K
  class space    used 17094K, committed 17472K, reserved 1048576K
}
Event: 147.559 GC heap before
{Heap before GC invocations=90 (full 0):
 garbage-first heap   total 252928K, used 201861K [0x0000000080000000, 0x0000000100000000)
  region size 1024K, 66 young (67584K), 1 survivors (1024K)
 Metaspace       used 134049K, committed 134848K, reserved 1179648K
  class space    used 17233K, committed 17600K, reserved 1048576K
}
Event: 147.818 GC heap after
{Heap after GC invocations=91 (full 0):
 garbage-first heap   total 533504K, used 148365K [0x0000000080000000, 0x0000000100000000)
  region size 1024K, 9 young (9216K), 9 survivors (9216K)
 Metaspace       used 134049K, committed 134848K, reserved 1179648K
  class space    used 17233K, committed 17600K, reserved 1048576K
}
Event: 151.033 GC heap before
{Heap before GC invocations=91 (full 0):
 garbage-first heap   total 533504K, used 185229K [0x0000000080000000, 0x0000000100000000)
  region size 1024K, 44 young (45056K), 9 survivors (9216K)
 Metaspace       used 134091K, committed 134912K, reserved 1179648K
  class space    used 17233K, committed 17600K, reserved 1048576K
}
Event: 151.280 GC heap after
{Heap after GC invocations=92 (full 0):
 garbage-first heap   total 533504K, used 151040K [0x0000000080000000, 0x0000000100000000)
  region size 1024K, 3 young (3072K), 3 survivors (3072K)
 Metaspace       used 134091K, committed 134912K, reserved 1179648K
  class space    used 17233K, committed 17600K, reserved 1048576K
}
Event: 167.362 GC heap before
{Heap before GC invocations=92 (full 0):
 garbage-first heap   total 533504K, used 199168K [0x0000000080000000, 0x0000000100000000)
  region size 1024K, 50 young (51200K), 3 survivors (3072K)
 Metaspace       used 134558K, committed 135424K, reserved 1179648K
  class space    used 17259K, committed 17664K, reserved 1048576K
}
Event: 167.522 GC heap after
{Heap after GC invocations=93 (full 0):
 garbage-first heap   total 533504K, used 157184K [0x0000000080000000, 0x0000000100000000)
  region size 1024K, 7 young (7168K), 7 survivors (7168K)
 Metaspace       used 134558K, committed 135424K, reserved 1179648K
  class space    used 17259K, committed 17664K, reserved 1048576K
}
Event: 177.131 GC heap before
{Heap before GC invocations=93 (full 0):
 garbage-first heap   total 533504K, used 194048K [0x0000000080000000, 0x0000000100000000)
  region size 1024K, 44 young (45056K), 7 survivors (7168K)
 Metaspace       used 136264K, committed 137088K, reserved 1179648K
  class space    used 17385K, committed 17792K, reserved 1048576K
}
Event: 177.375 GC heap after
{Heap after GC invocations=94 (full 0):
 garbage-first heap   total 533504K, used 161634K [0x0000000080000000, 0x0000000100000000)
  region size 1024K, 4 young (4096K), 4 survivors (4096K)
 Metaspace       used 136264K, committed 137088K, reserved 1179648K
  class space    used 17385K, committed 17792K, reserved 1048576K
}
Event: 182.584 GC heap before
{Heap before GC invocations=94 (full 0):
 garbage-first heap   total 533504K, used 212834K [0x0000000080000000, 0x0000000100000000)
  region size 1024K, 53 young (54272K), 4 survivors (4096K)
 Metaspace       used 140003K, committed 140864K, reserved 1179648K
  class space    used 18012K, committed 18432K, reserved 1048576K
}
Event: 182.685 GC heap after
{Heap after GC invocations=95 (full 0):
 garbage-first heap   total 533504K, used 163073K [0x0000000080000000, 0x0000000100000000)
  region size 1024K, 6 young (6144K), 6 survivors (6144K)
 Metaspace       used 140003K, committed 140864K, reserved 1179648K
  class space    used 18012K, committed 18432K, reserved 1048576K
}
Event: 188.406 GC heap before
{Heap before GC invocations=95 (full 0):
 garbage-first heap   total 533504K, used 227585K [0x0000000080000000, 0x0000000100000000)
  region size 1024K, 65 young (66560K), 6 survivors (6144K)
 Metaspace       used 144973K, committed 145792K, reserved 1179648K
  class space    used 18666K, committed 19072K, reserved 1048576K
}
Event: 188.542 GC heap after
{Heap after GC invocations=96 (full 0):
 garbage-first heap   total 533504K, used 160535K [0x0000000080000000, 0x0000000100000000)
  region size 1024K, 7 young (7168K), 7 survivors (7168K)
 Metaspace       used 144973K, committed 145792K, reserved 1179648K
  class space    used 18666K, committed 19072K, reserved 1048576K
}

