# JRE version: OpenJDK Runtime Environment (17.0.7) (build 17.0.7+0-b2043.56-10550314)
# Java VM: OpenJDK 64-Bit Server VM (17.0.7+0-b2043.56-10550314, mixed mode, tiered, compressed oops, compressed class ptrs, g1 gc, windows-amd64)
GC Precious Log:
 CPUs: 2 total, 2 available
 Memory: 1952M
 Large Page Support: Disabled
 NUMA Support: Disabled
 Compressed Oops: Enabled (32-bit)
 Heap Region Size: 1M
 Heap Min Capacity: 8M
 Heap Initial Capacity: 32M
 Heap Max Capacity: 2G
 Pre-touch: Disabled
 Parallel Workers: 2
 Concurrent Workers: 1
 Concurrent Refinement Workers: 2
 Periodic GC: Disabled
Heap:
 garbage-first heap   total 239616K, used 91886K [0x0000000080000000, 0x0000000100000000)
  region size 1024K, 1 young (1024K), 1 survivors (1024K)
 Metaspace       used 70760K, committed 71424K, reserved 1114112K
  class space    used 9432K, committed 9728K, reserved 1048576K
GC Heap History (20 events):
Event: 98.922 GC heap after
{Heap after GC invocations=54 (full 0):
 garbage-first heap   total 114688K, used 66402K [0x0000000080000000, 0x0000000100000000)
  region size 1024K, 2 young (2048K), 2 survivors (2048K)
 Metaspace       used 50625K, committed 51136K, reserved 1114112K
  class space    used 6637K, committed 6848K, reserved 1048576K
}
Event: 99.963 GC heap before
{Heap before GC invocations=54 (full 0):
 garbage-first heap   total 114688K, used 68450K [0x0000000080000000, 0x0000000100000000)
  region size 1024K, 5 young (5120K), 2 survivors (2048K)
 Metaspace       used 50972K, committed 51520K, reserved 1114112K
  class space    used 6683K, committed 6912K, reserved 1048576K
}
Event: 100.005 GC heap after
{Heap after GC invocations=55 (full 0):
 garbage-first heap   total 114688K, used 65841K [0x0000000080000000, 0x0000000100000000)
  region size 1024K, 1 young (1024K), 1 survivors (1024K)
 Metaspace       used 50972K, committed 51520K, reserved 1114112K
  class space    used 6683K, committed 6912K, reserved 1048576K
}
Event: 102.579 GC heap before
{Heap before GC invocations=55 (full 0):
 garbage-first heap   total 114688K, used 87345K [0x0000000080000000, 0x0000000100000000)
  region size 1024K, 22 young (22528K), 1 survivors (1024K)
 Metaspace       used 52067K, committed 52672K, reserved 1114112K
  class space    used 6898K, committed 7168K, reserved 1048576K
}
Event: 102.584 GC heap after
{Heap after GC invocations=56 (full 0):
 garbage-first heap   total 114688K, used 66176K [0x0000000080000000, 0x0000000100000000)
  region size 1024K, 1 young (1024K), 1 survivors (1024K)
 Metaspace       used 52067K, committed 52672K, reserved 1114112K
  class space    used 6898K, committed 7168K, reserved 1048576K
}
Event: 106.963 GC heap before
{Heap before GC invocations=57 (full 0):
 garbage-first heap   total 114688K, used 90752K [0x0000000080000000, 0x0000000100000000)
  region size 1024K, 25 young (25600K), 1 survivors (1024K)
 Metaspace       used 54307K, committed 54912K, reserved 1114112K
  class space    used 7280K, committed 7552K, reserved 1048576K
}
Event: 106.993 GC heap after
{Heap after GC invocations=58 (full 0):
 garbage-first heap   total 114688K, used 68065K [0x0000000080000000, 0x0000000100000000)
  region size 1024K, 3 young (3072K), 3 survivors (3072K)
 Metaspace       used 54307K, committed 54912K, reserved 1114112K
  class space    used 7280K, committed 7552K, reserved 1048576K
}
Event: 107.550 GC heap before
{Heap before GC invocations=58 (full 0):
 garbage-first heap   total 114688K, used 70113K [0x0000000080000000, 0x0000000100000000)
  region size 1024K, 5 young (5120K), 3 survivors (3072K)
 Metaspace       used 54548K, committed 55168K, reserved 1114112K
  class space    used 7330K, committed 7616K, reserved 1048576K
}
Event: 107.654 GC heap after
{Heap after GC invocations=59 (full 0):
 garbage-first heap   total 114688K, used 68014K [0x0000000080000000, 0x0000000100000000)
  region size 1024K, 1 young (1024K), 1 survivors (1024K)
 Metaspace       used 54548K, committed 55168K, reserved 1114112K
  class space    used 7330K, committed 7616K, reserved 1048576K
}
Event: 114.010 GC heap before
{Heap before GC invocations=59 (full 0):
 garbage-first heap   total 114688K, used 91566K [0x0000000080000000, 0x0000000100000000)
  region size 1024K, 24 young (24576K), 1 survivors (1024K)
 Metaspace       used 57058K, committed 57728K, reserved 1114112K
  class space    used 7728K, committed 8064K, reserved 1048576K
}
Event: 114.022 GC heap after
{Heap after GC invocations=60 (full 0):
 garbage-first heap   total 312320K, used 68726K [0x0000000080000000, 0x0000000100000000)
  region size 1024K, 2 young (2048K), 2 survivors (2048K)
 Metaspace       used 57058K, committed 57728K, reserved 1114112K
  class space    used 7728K, committed 8064K, reserved 1048576K
}
Event: 157.224 GC heap before
{Heap before GC invocations=61 (full 0):
 garbage-first heap   total 239616K, used 216182K [0x0000000080000000, 0x0000000100000000)
  region size 1024K, 140 young (143360K), 2 survivors (2048K)
 Metaspace       used 69533K, committed 70144K, reserved 1114112K
  class space    used 9256K, committed 9536K, reserved 1048576K
}
Event: 159.537 GC heap after
{Heap after GC invocations=62 (full 0):
 garbage-first heap   total 239616K, used 87450K [0x0000000080000000, 0x0000000100000000)
  region size 1024K, 14 young (14336K), 14 survivors (14336K)
 Metaspace       used 69533K, committed 70144K, reserved 1114112K
  class space    used 9256K, committed 9536K, reserved 1048576K
}
Event: 162.602 GC heap before
{Heap before GC invocations=62 (full 0):
 garbage-first heap   total 239616K, used 91546K [0x0000000080000000, 0x0000000100000000)
  region size 1024K, 15 young (15360K), 14 survivors (14336K)
 Metaspace       used 69535K, committed 70144K, reserved 1114112K
  class space    used 9256K, committed 9536K, reserved 1048576K
}
Event: 162.752 GC heap after
{Heap after GC invocations=63 (full 0):
 garbage-first heap   total 239616K, used 90726K [0x0000000080000000, 0x0000000100000000)
  region size 1024K, 1 young (1024K), 1 survivors (1024K)
 Metaspace       used 69535K, committed 70144K, reserved 1114112K
  class space    used 9256K, committed 9536K, reserved 1048576K
}
Event: 162.975 GC heap before
{Heap before GC invocations=63 (full 0):
 garbage-first heap   total 239616K, used 94822K [0x0000000080000000, 0x0000000100000000)
  region size 1024K, 7 young (7168K), 1 survivors (1024K)
 Metaspace       used 69543K, committed 70208K, reserved 1114112K
  class space    used 9256K, committed 9536K, reserved 1048576K
}
Event: 163.058 GC heap after
{Heap after GC invocations=64 (full 0):
 garbage-first heap   total 239616K, used 92160K [0x0000000080000000, 0x0000000100000000)
  region size 1024K, 2 young (2048K), 2 survivors (2048K)
 Metaspace       used 69543K, committed 70208K, reserved 1114112K
  class space    used 9256K, committed 9536K, reserved 1048576K
}
Event: 165.205 GC heap before
{Heap before GC invocations=65 (full 0):
 garbage-first heap   total 239616K, used 102400K [0x0000000080000000, 0x0000000100000000)
  region size 1024K, 11 young (11264K), 2 survivors (2048K)
 Metaspace       used 69887K, committed 70592K, reserved 1114112K
  class space    used 9341K, committed 9664K, reserved 1048576K
}
Event: 165.227 GC heap after
{Heap after GC invocations=66 (full 0):
 garbage-first heap   total 239616K, used 91985K [0x0000000080000000, 0x0000000100000000)
  region size 1024K, 2 young (2048K), 2 survivors (2048K)
 Metaspace       used 69887K, committed 70592K, reserved 1114112K
  class space    used 9341K, committed 9664K, reserved 1048576K
}
Event: 167.097 GC heap before
{Heap before GC invocations=66 (full 0):
 garbage-first heap   total 239616K, used 100177K [0x0000000080000000, 0x0000000100000000)
  region size 1024K, 11 young (11264K), 2 survivors (2048K)
 Metaspace       used 70760K, committed 71424K, reserved 1114112K
  class space    used 9432K, committed 9728K, reserved 1048576K
}

