# JRE version: OpenJDK Runtime Environment (17.0.7) (build 17.0.7+0-b2043.56-10550314)
# Java VM: OpenJDK 64-Bit Server VM (17.0.7+0-b2043.56-10550314, mixed mode, tiered, compressed oops, compressed class ptrs, g1 gc, windows-amd64)
GC Precious Log:
 CPUs: 2 total, 2 available
 Memory: 1952M
 Large Page Support: Disabled
 NUMA Support: Disabled
 Compressed Oops: Enabled (32-bit)
 Heap Region Size: 1M
 Heap Min Capacity: 8M
 Heap Initial Capacity: 32M
 Heap Max Capacity: 2G
 Pre-touch: Disabled
 Parallel Workers: 2
 Concurrent Workers: 1
 Concurrent Refinement Workers: 2
 Periodic GC: Disabled
Heap:
 garbage-first heap   total 178176K, used 133352K [0x0000000080000000, 0x0000000100000000)
  region size 1024K, 43 young (44032K), 1 survivors (1024K)
 Metaspace       used 72094K, committed 72768K, reserved 1114112K
  class space    used 9620K, committed 9920K, reserved 1048576K
GC Heap History (20 events):
Event: 123.863 GC heap before
{Heap before GC invocations=53 (full 0):
 garbage-first heap   total 122880K, used 98260K [0x0000000080000000, 0x0000000100000000)
  region size 1024K, 36 young (36864K), 3 survivors (3072K)
 Metaspace       used 57832K, committed 58496K, reserved 1114112K
  class space    used 7780K, committed 8064K, reserved 1048576K
}
Event: 124.463 GC heap after
{Heap after GC invocations=54 (full 0):
 garbage-first heap   total 122880K, used 69074K [0x0000000080000000, 0x0000000100000000)
  region size 1024K, 4 young (4096K), 4 survivors (4096K)
 Metaspace       used 57832K, committed 58496K, reserved 1114112K
  class space    used 7780K, committed 8064K, reserved 1048576K
}
Event: 127.932 GC heap before
{Heap before GC invocations=55 (full 0):
 garbage-first heap   total 122880K, used 80338K [0x0000000080000000, 0x0000000100000000)
  region size 1024K, 12 young (12288K), 4 survivors (4096K)
 Metaspace       used 58169K, committed 58816K, reserved 1114112K
  class space    used 7836K, committed 8128K, reserved 1048576K
}
Event: 128.017 GC heap after
{Heap after GC invocations=56 (full 0):
 garbage-first heap   total 122880K, used 76263K [0x0000000080000000, 0x0000000100000000)
  region size 1024K, 2 young (2048K), 2 survivors (2048K)
 Metaspace       used 58169K, committed 58816K, reserved 1114112K
  class space    used 7836K, committed 8128K, reserved 1048576K
}
Event: 128.033 GC heap before
{Heap before GC invocations=56 (full 0):
 garbage-first heap   total 122880K, used 77287K [0x0000000080000000, 0x0000000100000000)
  region size 1024K, 4 young (4096K), 2 survivors (2048K)
 Metaspace       used 58175K, committed 58816K, reserved 1114112K
  class space    used 7838K, committed 8128K, reserved 1048576K
}
Event: 128.062 GC heap after
{Heap after GC invocations=57 (full 0):
 garbage-first heap   total 122880K, used 78077K [0x0000000080000000, 0x0000000100000000)
  region size 1024K, 2 young (2048K), 2 survivors (2048K)
 Metaspace       used 58175K, committed 58816K, reserved 1114112K
  class space    used 7838K, committed 8128K, reserved 1048576K
}
Event: 129.860 GC heap before
{Heap before GC invocations=58 (full 0):
 garbage-first heap   total 135168K, used 87293K [0x0000000080000000, 0x0000000100000000)
  region size 1024K, 11 young (11264K), 2 survivors (2048K)
 Metaspace       used 58662K, committed 59328K, reserved 1114112K
  class space    used 7887K, committed 8192K, reserved 1048576K
}
Event: 129.937 GC heap after
{Heap after GC invocations=59 (full 0):
 garbage-first heap   total 135168K, used 79360K [0x0000000080000000, 0x0000000100000000)
  region size 1024K, 2 young (2048K), 2 survivors (2048K)
 Metaspace       used 58662K, committed 59328K, reserved 1114112K
  class space    used 7887K, committed 8192K, reserved 1048576K
}
Event: 130.016 GC heap before
{Heap before GC invocations=59 (full 0):
 garbage-first heap   total 135168K, used 80384K [0x0000000080000000, 0x0000000100000000)
  region size 1024K, 4 young (4096K), 2 survivors (2048K)
 Metaspace       used 58771K, committed 59456K, reserved 1114112K
  class space    used 7895K, committed 8192K, reserved 1048576K
}
Event: 130.096 GC heap after
{Heap after GC invocations=60 (full 0):
 garbage-first heap   total 177152K, used 79571K [0x0000000080000000, 0x0000000100000000)
  region size 1024K, 1 young (1024K), 1 survivors (1024K)
 Metaspace       used 58771K, committed 59456K, reserved 1114112K
  class space    used 7895K, committed 8192K, reserved 1048576K
}
Event: 133.315 GC heap before
{Heap before GC invocations=60 (full 0):
 garbage-first heap   total 177152K, used 92883K [0x0000000080000000, 0x0000000100000000)
  region size 1024K, 14 young (14336K), 1 survivors (1024K)
 Metaspace       used 59887K, committed 60544K, reserved 1114112K
  class space    used 8072K, committed 8384K, reserved 1048576K
}
Event: 133.323 GC heap after
{Heap after GC invocations=61 (full 0):
 garbage-first heap   total 177152K, used 81073K [0x0000000080000000, 0x0000000100000000)
  region size 1024K, 1 young (1024K), 1 survivors (1024K)
 Metaspace       used 59887K, committed 60544K, reserved 1114112K
  class space    used 8072K, committed 8384K, reserved 1048576K
}
Event: 135.802 GC heap before
{Heap before GC invocations=61 (full 0):
 garbage-first heap   total 177152K, used 99505K [0x0000000080000000, 0x0000000100000000)
  region size 1024K, 20 young (20480K), 1 survivors (1024K)
 Metaspace       used 61783K, committed 62400K, reserved 1114112K
  class space    used 8309K, committed 8576K, reserved 1048576K
}
Event: 135.812 GC heap after
{Heap after GC invocations=62 (full 0):
 garbage-first heap   total 177152K, used 81553K [0x0000000080000000, 0x0000000100000000)
  region size 1024K, 2 young (2048K), 2 survivors (2048K)
 Metaspace       used 61783K, committed 62400K, reserved 1114112K
  class space    used 8309K, committed 8576K, reserved 1048576K
}
Event: 138.731 GC heap before
{Heap before GC invocations=62 (full 0):
 garbage-first heap   total 177152K, used 109201K [0x0000000080000000, 0x0000000100000000)
  region size 1024K, 29 young (29696K), 2 survivors (2048K)
 Metaspace       used 64841K, committed 65472K, reserved 1114112K
  class space    used 8629K, committed 8896K, reserved 1048576K
}
Event: 138.741 GC heap after
{Heap after GC invocations=63 (full 0):
 garbage-first heap   total 177152K, used 82264K [0x0000000080000000, 0x0000000100000000)
  region size 1024K, 2 young (2048K), 2 survivors (2048K)
 Metaspace       used 64841K, committed 65472K, reserved 1114112K
  class space    used 8629K, committed 8896K, reserved 1048576K
}
Event: 145.253 GC heap before
{Heap before GC invocations=63 (full 0):
 garbage-first heap   total 177152K, used 116056K [0x0000000080000000, 0x0000000100000000)
  region size 1024K, 35 young (35840K), 2 survivors (2048K)
 Metaspace       used 69524K, committed 70208K, reserved 1114112K
  class space    used 9263K, committed 9536K, reserved 1048576K
}
Event: 145.310 GC heap after
{Heap after GC invocations=64 (full 0):
 garbage-first heap   total 177152K, used 87577K [0x0000000080000000, 0x0000000100000000)
  region size 1024K, 6 young (6144K), 6 survivors (6144K)
 Metaspace       used 69524K, committed 70208K, reserved 1114112K
  class space    used 9263K, committed 9536K, reserved 1048576K
}
Event: 145.318 GC heap before
{Heap before GC invocations=64 (full 0):
 garbage-first heap   total 177152K, used 88601K [0x0000000080000000, 0x0000000100000000)
  region size 1024K, 7 young (7168K), 6 survivors (6144K)
 Metaspace       used 69524K, committed 70208K, reserved 1114112K
  class space    used 9263K, committed 9536K, reserved 1048576K
}
Event: 145.455 GC heap after
{Heap after GC invocations=65 (full 0):
 garbage-first heap   total 177152K, used 88296K [0x0000000080000000, 0x0000000100000000)
  region size 1024K, 1 young (1024K), 1 survivors (1024K)
 Metaspace       used 69524K, committed 70208K, reserved 1114112K
  class space    used 9263K, committed 9536K, reserved 1048576K
}

