# JRE version: OpenJDK Runtime Environment (17.0.7) (build 17.0.7+0-b2043.56-10550314)
# Java VM: OpenJDK 64-Bit Server VM (17.0.7+0-b2043.56-10550314, mixed mode, tiered, compressed oops, compressed class ptrs, g1 gc, windows-amd64)
GC Precious Log:
 CPUs: 2 total, 2 available
 Memory: 1952M
 Large Page Support: Disabled
 NUMA Support: Disabled
 Compressed Oops: Enabled (32-bit)
 Heap Region Size: 1M
 Heap Min Capacity: 8M
 Heap Initial Capacity: 32M
 Heap Max Capacity: 2G
 Pre-touch: Disabled
 Parallel Workers: 2
 Concurrent Workers: 1
 Concurrent Refinement Workers: 2
 Periodic GC: Disabled
Heap:
 garbage-first heap   total 283648K, used 150528K [0x0000000080000000, 0x0000000100000000)
  region size 1024K, 1 young (1024K), 1 survivors (1024K)
 Metaspace       used 93504K, committed 94336K, reserved 1179648K
  class space    used 12650K, committed 13056K, reserved 1048576K
GC Heap History (20 events):
Event: 153.252 GC heap after
{Heap after GC invocations=64 (full 0):
 garbage-first heap   total 190464K, used 84267K [0x0000000080000000, 0x0000000100000000)
  region size 1024K, 2 young (2048K), 2 survivors (2048K)
 Metaspace       used 68569K, committed 69248K, reserved 1114112K
  class space    used 9146K, committed 9408K, reserved 1048576K
}
Event: 174.451 GC heap before
{Heap before GC invocations=64 (full 0):
 garbage-first heap   total 190464K, used 162091K [0x0000000080000000, 0x0000000100000000)
  region size 1024K, 72 young (73728K), 2 survivors (2048K)
 Metaspace       used 73956K, committed 74624K, reserved 1114112K
  class space    used 9872K, committed 10176K, reserved 1048576K
}
Event: 174.954 GC heap after
{Heap after GC invocations=65 (full 0):
 garbage-first heap   total 190464K, used 89691K [0x0000000080000000, 0x0000000100000000)
  region size 1024K, 7 young (7168K), 7 survivors (7168K)
 Metaspace       used 73956K, committed 74624K, reserved 1114112K
  class space    used 9872K, committed 10176K, reserved 1048576K
}
Event: 175.636 GC heap before
{Heap before GC invocations=65 (full 0):
 garbage-first heap   total 190464K, used 98907K [0x0000000080000000, 0x0000000100000000)
  region size 1024K, 16 young (16384K), 7 survivors (7168K)
 Metaspace       used 74980K, committed 75648K, reserved 1114112K
  class space    used 10031K, committed 10304K, reserved 1048576K
}
Event: 175.730 GC heap after
{Heap after GC invocations=66 (full 0):
 garbage-first heap   total 190464K, used 90009K [0x0000000080000000, 0x0000000100000000)
  region size 1024K, 1 young (1024K), 1 survivors (1024K)
 Metaspace       used 74980K, committed 75648K, reserved 1114112K
  class space    used 10031K, committed 10304K, reserved 1048576K
}
Event: 186.870 GC heap before
{Heap before GC invocations=66 (full 0):
 garbage-first heap   total 190464K, used 154521K [0x0000000080000000, 0x0000000100000000)
  region size 1024K, 64 young (65536K), 1 survivors (1024K)
 Metaspace       used 80063K, committed 80768K, reserved 1179648K
  class space    used 10692K, committed 11008K, reserved 1048576K
}
Event: 186.932 GC heap after
{Heap after GC invocations=67 (full 0):
 garbage-first heap   total 283648K, used 94435K [0x0000000080000000, 0x0000000100000000)
  region size 1024K, 6 young (6144K), 6 survivors (6144K)
 Metaspace       used 80063K, committed 80768K, reserved 1179648K
  class space    used 10692K, committed 11008K, reserved 1048576K
}
Event: 188.813 GC heap before
{Heap before GC invocations=67 (full 0):
 garbage-first heap   total 283648K, used 129251K [0x0000000080000000, 0x0000000100000000)
  region size 1024K, 39 young (39936K), 6 survivors (6144K)
 Metaspace       used 82611K, committed 83328K, reserved 1179648K
  class space    used 11143K, committed 11456K, reserved 1048576K
}
Event: 188.878 GC heap after
{Heap after GC invocations=68 (full 0):
 garbage-first heap   total 283648K, used 95851K [0x0000000080000000, 0x0000000100000000)
  region size 1024K, 2 young (2048K), 2 survivors (2048K)
 Metaspace       used 82611K, committed 83328K, reserved 1179648K
  class space    used 11143K, committed 11456K, reserved 1048576K
}
Event: 199.794 GC heap before
{Heap before GC invocations=68 (full 0):
 garbage-first heap   total 283648K, used 215659K [0x0000000080000000, 0x0000000100000000)
  region size 1024K, 94 young (96256K), 2 survivors (2048K)
 Metaspace       used 91196K, committed 91904K, reserved 1179648K
  class space    used 12349K, committed 12672K, reserved 1048576K
}
Event: 200.364 GC heap after
{Heap after GC invocations=69 (full 0):
 garbage-first heap   total 283648K, used 127738K [0x0000000080000000, 0x0000000100000000)
  region size 1024K, 12 young (12288K), 12 survivors (12288K)
 Metaspace       used 91196K, committed 91904K, reserved 1179648K
  class space    used 12349K, committed 12672K, reserved 1048576K
}
Event: 200.455 GC heap before
{Heap before GC invocations=69 (full 0):
 garbage-first heap   total 283648K, used 128762K [0x0000000080000000, 0x0000000100000000)
  region size 1024K, 13 young (13312K), 12 survivors (12288K)
 Metaspace       used 91288K, committed 92032K, reserved 1179648K
  class space    used 12359K, committed 12672K, reserved 1048576K
}
Event: 200.577 GC heap after
{Heap after GC invocations=70 (full 0):
 garbage-first heap   total 283648K, used 128937K [0x0000000080000000, 0x0000000100000000)
  region size 1024K, 1 young (1024K), 1 survivors (1024K)
 Metaspace       used 91288K, committed 92032K, reserved 1179648K
  class space    used 12359K, committed 12672K, reserved 1048576K
}
Event: 205.658 GC heap before
{Heap before GC invocations=70 (full 0):
 garbage-first heap   total 283648K, used 167849K [0x0000000080000000, 0x0000000100000000)
  region size 1024K, 39 young (39936K), 1 survivors (1024K)
 Metaspace       used 93174K, committed 94016K, reserved 1179648K
  class space    used 12601K, committed 12992K, reserved 1048576K
}
Event: 205.686 GC heap after
{Heap after GC invocations=71 (full 0):
 garbage-first heap   total 283648K, used 130967K [0x0000000080000000, 0x0000000100000000)
  region size 1024K, 3 young (3072K), 3 survivors (3072K)
 Metaspace       used 93174K, committed 94016K, reserved 1179648K
  class space    used 12601K, committed 12992K, reserved 1048576K
}
Event: 205.973 GC heap before
{Heap before GC invocations=71 (full 0):
 garbage-first heap   total 283648K, used 133015K [0x0000000080000000, 0x0000000100000000)
  region size 1024K, 6 young (6144K), 3 survivors (3072K)
 Metaspace       used 93477K, committed 94272K, reserved 1179648K
  class space    used 12649K, committed 13056K, reserved 1048576K
}
Event: 206.043 GC heap after
{Heap after GC invocations=72 (full 0):
 garbage-first heap   total 283648K, used 131239K [0x0000000080000000, 0x0000000100000000)
  region size 1024K, 4 young (4096K), 4 survivors (4096K)
 Metaspace       used 93477K, committed 94272K, reserved 1179648K
  class space    used 12649K, committed 13056K, reserved 1048576K
}
Event: 212.256 GC heap before
{Heap before GC invocations=73 (full 0):
 garbage-first heap   total 283648K, used 208039K [0x0000000080000000, 0x0000000100000000)
  region size 1024K, 75 young (76800K), 4 survivors (4096K)
 Metaspace       used 93504K, committed 94336K, reserved 1179648K
  class space    used 12650K, committed 13056K, reserved 1048576K
}
Event: 212.691 GC heap after
{Heap after GC invocations=74 (full 0):
 garbage-first heap   total 283648K, used 149755K [0x0000000080000000, 0x0000000100000000)
  region size 1024K, 10 young (10240K), 10 survivors (10240K)
 Metaspace       used 93504K, committed 94336K, reserved 1179648K
  class space    used 12650K, committed 13056K, reserved 1048576K
}
Event: 213.015 GC heap before
{Heap before GC invocations=74 (full 0):
 garbage-first heap   total 283648K, used 152827K [0x0000000080000000, 0x0000000100000000)
  region size 1024K, 13 young (13312K), 10 survivors (10240K)
 Metaspace       used 93504K, committed 94336K, reserved 1179648K
  class space    used 12650K, committed 13056K, reserved 1048576K
}

