# JRE version: OpenJDK Runtime Environment (17.0.7) (build 17.0.7+0-b2043.56-10550314)
# Java VM: OpenJDK 64-Bit Server VM (17.0.7+0-b2043.56-10550314, mixed mode, tiered, compressed oops, compressed class ptrs, g1 gc, windows-amd64)
GC Precious Log:
 CPUs: 2 total, 2 available
 Memory: 1952M
 Large Page Support: Disabled
 NUMA Support: Disabled
 Compressed Oops: Enabled (32-bit)
 Heap Region Size: 1M
 Heap Min Capacity: 8M
 Heap Initial Capacity: 32M
 Heap Max Capacity: 2G
 Pre-touch: Disabled
 Parallel Workers: 2
 Concurrent Workers: 1
 Concurrent Refinement Workers: 2
 Periodic GC: Disabled
Heap:
 garbage-first heap   total 126976K, used 77824K [0x0000000080000000, 0x0000000100000000)
  region size 1024K, 1 young (1024K), 1 survivors (1024K)
 Metaspace       used 58159K, committed 58816K, reserved 1114112K
  class space    used 7828K, committed 8128K, reserved 1048576K
GC Heap History (20 events):
Event: 113.150 GC heap after
{Heap after GC invocations=51 (full 0):
 garbage-first heap   total 109568K, used 63780K [0x0000000080000000, 0x0000000100000000)
  region size 1024K, 1 young (1024K), 1 survivors (1024K)
 Metaspace       used 48560K, committed 49024K, reserved 1114112K
  class space    used 6431K, committed 6656K, reserved 1048576K
}
Event: 129.646 GC heap before
{Heap before GC invocations=52 (full 0):
 garbage-first heap   total 109568K, used 88356K [0x0000000080000000, 0x0000000100000000)
  region size 1024K, 24 young (24576K), 1 survivors (1024K)
 Metaspace       used 51046K, committed 51584K, reserved 1114112K
  class space    used 6690K, committed 6912K, reserved 1048576K
}
Event: 129.957 GC heap after
{Heap after GC invocations=53 (full 0):
 garbage-first heap   total 109568K, used 64137K [0x0000000080000000, 0x0000000100000000)
  region size 1024K, 3 young (3072K), 3 survivors (3072K)
 Metaspace       used 51046K, committed 51584K, reserved 1114112K
  class space    used 6690K, committed 6912K, reserved 1048576K
}
Event: 144.440 GC heap before
{Heap before GC invocations=53 (full 0):
 garbage-first heap   total 109568K, used 87689K [0x0000000080000000, 0x0000000100000000)
  region size 1024K, 26 young (26624K), 3 survivors (3072K)
 Metaspace       used 52483K, committed 53056K, reserved 1114112K
  class space    used 6961K, committed 7232K, reserved 1048576K
}
Event: 144.891 GC heap after
{Heap after GC invocations=54 (full 0):
 garbage-first heap   total 109568K, used 65200K [0x0000000080000000, 0x0000000100000000)
  region size 1024K, 3 young (3072K), 3 survivors (3072K)
 Metaspace       used 52483K, committed 53056K, reserved 1114112K
  class space    used 6961K, committed 7232K, reserved 1048576K
}
Event: 155.809 GC heap before
{Heap before GC invocations=55 (full 0):
 garbage-first heap   total 112640K, used 85680K [0x0000000080000000, 0x0000000100000000)
  region size 1024K, 23 young (23552K), 3 survivors (3072K)
 Metaspace       used 54415K, committed 54976K, reserved 1114112K
  class space    used 7293K, committed 7552K, reserved 1048576K
}
Event: 155.886 GC heap after
{Heap after GC invocations=56 (full 0):
 garbage-first heap   total 112640K, used 66581K [0x0000000080000000, 0x0000000100000000)
  region size 1024K, 3 young (3072K), 3 survivors (3072K)
 Metaspace       used 54415K, committed 54976K, reserved 1114112K
  class space    used 7293K, committed 7552K, reserved 1048576K
}
Event: 172.236 GC heap before
{Heap before GC invocations=56 (full 0):
 garbage-first heap   total 112640K, used 92181K [0x0000000080000000, 0x0000000100000000)
  region size 1024K, 29 young (29696K), 3 survivors (3072K)
 Metaspace       used 57117K, committed 57792K, reserved 1114112K
  class space    used 7725K, committed 8000K, reserved 1048576K
}
Event: 173.087 GC heap after
{Heap after GC invocations=57 (full 0):
 garbage-first heap   total 112640K, used 67670K [0x0000000080000000, 0x0000000100000000)
  region size 1024K, 3 young (3072K), 3 survivors (3072K)
 Metaspace       used 57117K, committed 57792K, reserved 1114112K
  class space    used 7725K, committed 8000K, reserved 1048576K
}
Event: 175.283 GC heap before
{Heap before GC invocations=58 (full 0):
 garbage-first heap   total 116736K, used 69718K [0x0000000080000000, 0x0000000100000000)
  region size 1024K, 5 young (5120K), 3 survivors (3072K)
 Metaspace       used 57171K, committed 57856K, reserved 1114112K
  class space    used 7728K, committed 8064K, reserved 1048576K
}
Event: 175.312 GC heap after
{Heap after GC invocations=59 (full 0):
 garbage-first heap   total 116736K, used 68159K [0x0000000080000000, 0x0000000100000000)
  region size 1024K, 1 young (1024K), 1 survivors (1024K)
 Metaspace       used 57171K, committed 57856K, reserved 1114112K
  class space    used 7728K, committed 8064K, reserved 1048576K
}
Event: 177.171 GC heap before
{Heap before GC invocations=59 (full 0):
 garbage-first heap   total 116736K, used 72255K [0x0000000080000000, 0x0000000100000000)
  region size 1024K, 5 young (5120K), 1 survivors (1024K)
 Metaspace       used 57248K, committed 57920K, reserved 1114112K
  class space    used 7729K, committed 8064K, reserved 1048576K
}
Event: 177.185 GC heap after
{Heap after GC invocations=60 (full 0):
 garbage-first heap   total 116736K, used 68016K [0x0000000080000000, 0x0000000100000000)
  region size 1024K, 1 young (1024K), 1 survivors (1024K)
 Metaspace       used 57248K, committed 57920K, reserved 1114112K
  class space    used 7729K, committed 8064K, reserved 1048576K
}
Event: 193.664 GC heap before
{Heap before GC invocations=60 (full 0):
 garbage-first heap   total 116736K, used 89520K [0x0000000080000000, 0x0000000100000000)
  region size 1024K, 24 young (24576K), 1 survivors (1024K)
 Metaspace       used 57818K, committed 58496K, reserved 1114112K
  class space    used 7770K, committed 8064K, reserved 1048576K
}
Event: 194.686 GC heap after
{Heap after GC invocations=61 (full 0):
 garbage-first heap   total 116736K, used 69613K [0x0000000080000000, 0x0000000100000000)
  region size 1024K, 3 young (3072K), 3 survivors (3072K)
 Metaspace       used 57818K, committed 58496K, reserved 1114112K
  class space    used 7770K, committed 8064K, reserved 1048576K
}
Event: 197.528 GC heap before
{Heap before GC invocations=62 (full 0):
 garbage-first heap   total 126976K, used 73709K [0x0000000080000000, 0x0000000100000000)
  region size 1024K, 5 young (5120K), 3 survivors (3072K)
 Metaspace       used 57866K, committed 58560K, reserved 1114112K
  class space    used 7776K, committed 8064K, reserved 1048576K
}
Event: 197.581 GC heap after
{Heap after GC invocations=63 (full 0):
 garbage-first heap   total 126976K, used 73728K [0x0000000080000000, 0x0000000100000000)
  region size 1024K, 1 young (1024K), 1 survivors (1024K)
 Metaspace       used 57866K, committed 58560K, reserved 1114112K
  class space    used 7776K, committed 8064K, reserved 1048576K
}
Event: 198.629 GC heap before
{Heap before GC invocations=63 (full 0):
 garbage-first heap   total 126976K, used 78848K [0x0000000080000000, 0x0000000100000000)
  region size 1024K, 6 young (6144K), 1 survivors (1024K)
 Metaspace       used 58024K, committed 58688K, reserved 1114112K
  class space    used 7805K, committed 8128K, reserved 1048576K
}
Event: 198.672 GC heap after
{Heap after GC invocations=64 (full 0):
 garbage-first heap   total 126976K, used 76550K [0x0000000080000000, 0x0000000100000000)
  region size 1024K, 1 young (1024K), 1 survivors (1024K)
 Metaspace       used 58024K, committed 58688K, reserved 1114112K
  class space    used 7805K, committed 8128K, reserved 1048576K
}
Event: 198.997 GC heap before
{Heap before GC invocations=64 (full 0):
 garbage-first heap   total 126976K, used 78598K [0x0000000080000000, 0x0000000100000000)
  region size 1024K, 4 young (4096K), 1 survivors (1024K)
 Metaspace       used 58159K, committed 58816K, reserved 1114112K
  class space    used 7828K, committed 8128K, reserved 1048576K
}

