# JRE version: OpenJDK Runtime Environment (17.0.7) (build 17.0.7+0-b2043.56-10550314)
# Java VM: OpenJDK 64-Bit Server VM (17.0.7+0-b2043.56-10550314, mixed mode, tiered, compressed oops, compressed class ptrs, g1 gc, windows-amd64)
GC Precious Log:
 CPUs: 2 total, 2 available
 Memory: 1952M
 Large Page Support: Disabled
 NUMA Support: Disabled
 Compressed Oops: Enabled (32-bit)
 Heap Region Size: 1M
 Heap Min Capacity: 8M
 Heap Initial Capacity: 32M
 Heap Max Capacity: 2G
 Pre-touch: Disabled
 Parallel Workers: 2
 Concurrent Workers: 1
 Concurrent Refinement Workers: 2
 Periodic GC: Disabled
Heap:
 garbage-first heap   total 254976K, used 159282K [0x0000000080000000, 0x0000000100000000)
  region size 1024K, 72 young (73728K), 2 survivors (2048K)
 Metaspace       used 72042K, committed 72768K, reserved 1114112K
  class space    used 9610K, committed 9984K, reserved 1048576K
GC Heap History (20 events):
Event: 109.827 GC heap before
{Heap before GC invocations=55 (full 0):
 garbage-first heap   total 114688K, used 91909K [0x0000000080000000, 0x0000000100000000)
  region size 1024K, 28 young (28672K), 3 survivors (3072K)
 Metaspace       used 57208K, committed 57920K, reserved 1114112K
  class space    used 7737K, committed 8064K, reserved 1048576K
}
Event: 110.003 GC heap after
{Heap after GC invocations=56 (full 0):
 garbage-first heap   total 114688K, used 68798K [0x0000000080000000, 0x0000000100000000)
  region size 1024K, 4 young (4096K), 4 survivors (4096K)
 Metaspace       used 57208K, committed 57920K, reserved 1114112K
  class space    used 7737K, committed 8064K, reserved 1048576K
}
Event: 121.864 GC heap before
{Heap before GC invocations=57 (full 0):
 garbage-first heap   total 117760K, used 92350K [0x0000000080000000, 0x0000000100000000)
  region size 1024K, 29 young (29696K), 4 survivors (4096K)
 Metaspace       used 57856K, committed 58560K, reserved 1114112K
  class space    used 7779K, committed 8128K, reserved 1048576K
}
Event: 121.938 GC heap after
{Heap after GC invocations=58 (full 0):
 garbage-first heap   total 117760K, used 70083K [0x0000000080000000, 0x0000000100000000)
  region size 1024K, 3 young (3072K), 3 survivors (3072K)
 Metaspace       used 57856K, committed 58560K, reserved 1114112K
  class space    used 7779K, committed 8128K, reserved 1048576K
}
Event: 122.835 GC heap before
{Heap before GC invocations=59 (full 0):
 garbage-first heap   total 121856K, used 71107K [0x0000000080000000, 0x0000000100000000)
  region size 1024K, 4 young (4096K), 3 survivors (3072K)
 Metaspace       used 57860K, committed 58560K, reserved 1114112K
  class space    used 7780K, committed 8128K, reserved 1048576K
}
Event: 122.860 GC heap after
{Heap after GC invocations=60 (full 0):
 garbage-first heap   total 121856K, used 71360K [0x0000000080000000, 0x0000000100000000)
  region size 1024K, 2 young (2048K), 2 survivors (2048K)
 Metaspace       used 57860K, committed 58560K, reserved 1114112K
  class space    used 7780K, committed 8128K, reserved 1048576K
}
Event: 123.285 GC heap before
{Heap before GC invocations=61 (full 0):
 garbage-first heap   total 122880K, used 72384K [0x0000000080000000, 0x0000000100000000)
  region size 1024K, 3 young (3072K), 2 survivors (2048K)
 Metaspace       used 57877K, committed 58560K, reserved 1114112K
  class space    used 7783K, committed 8128K, reserved 1048576K
}
Event: 123.294 GC heap after
{Heap after GC invocations=62 (full 0):
 garbage-first heap   total 122880K, used 72800K [0x0000000080000000, 0x0000000100000000)
  region size 1024K, 3 young (3072K), 3 survivors (3072K)
 Metaspace       used 57877K, committed 58560K, reserved 1114112K
  class space    used 7783K, committed 8128K, reserved 1048576K
}
Event: 123.561 GC heap before
{Heap before GC invocations=63 (full 0):
 garbage-first heap   total 126976K, used 73824K [0x0000000080000000, 0x0000000100000000)
  region size 1024K, 5 young (5120K), 3 survivors (3072K)
 Metaspace       used 57904K, committed 58560K, reserved 1114112K
  class space    used 7786K, committed 8128K, reserved 1048576K
}
Event: 123.616 GC heap after
{Heap after GC invocations=64 (full 0):
 garbage-first heap   total 126976K, used 74586K [0x0000000080000000, 0x0000000100000000)
  region size 1024K, 2 young (2048K), 2 survivors (2048K)
 Metaspace       used 57904K, committed 58560K, reserved 1114112K
  class space    used 7786K, committed 8128K, reserved 1048576K
}
Event: 127.467 GC heap before
{Heap before GC invocations=65 (full 0):
 garbage-first heap   total 130048K, used 93018K [0x0000000080000000, 0x0000000100000000)
  region size 1024K, 19 young (19456K), 2 survivors (2048K)
 Metaspace       used 58739K, committed 59392K, reserved 1114112K
  class space    used 7892K, committed 8192K, reserved 1048576K
}
Event: 127.544 GC heap after
{Heap after GC invocations=66 (full 0):
 garbage-first heap   total 130048K, used 80148K [0x0000000080000000, 0x0000000100000000)
  region size 1024K, 3 young (3072K), 3 survivors (3072K)
 Metaspace       used 58739K, committed 59392K, reserved 1114112K
  class space    used 7892K, committed 8192K, reserved 1048576K
}
Event: 127.768 GC heap before
{Heap before GC invocations=66 (full 0):
 garbage-first heap   total 130048K, used 84244K [0x0000000080000000, 0x0000000100000000)
  region size 1024K, 6 young (6144K), 3 survivors (3072K)
 Metaspace       used 58977K, committed 59648K, reserved 1114112K
  class space    used 7925K, committed 8256K, reserved 1048576K
}
Event: 127.854 GC heap after
{Heap after GC invocations=67 (full 0):
 garbage-first heap   total 130048K, used 81099K [0x0000000080000000, 0x0000000100000000)
  region size 1024K, 1 young (1024K), 1 survivors (1024K)
 Metaspace       used 58977K, committed 59648K, reserved 1114112K
  class space    used 7925K, committed 8256K, reserved 1048576K
}
Event: 132.169 GC heap before
{Heap before GC invocations=67 (full 0):
 garbage-first heap   total 130048K, used 97483K [0x0000000080000000, 0x0000000100000000)
  region size 1024K, 18 young (18432K), 1 survivors (1024K)
 Metaspace       used 60505K, committed 61184K, reserved 1114112K
  class space    used 8159K, committed 8512K, reserved 1048576K
}
Event: 132.228 GC heap after
{Heap after GC invocations=68 (full 0):
 garbage-first heap   total 254976K, used 81624K [0x0000000080000000, 0x0000000100000000)
  region size 1024K, 1 young (1024K), 1 survivors (1024K)
 Metaspace       used 60505K, committed 61184K, reserved 1114112K
  class space    used 8159K, committed 8512K, reserved 1048576K
}
Event: 137.427 GC heap before
{Heap before GC invocations=69 (full 0):
 garbage-first heap   total 254976K, used 114392K [0x0000000080000000, 0x0000000100000000)
  region size 1024K, 33 young (33792K), 1 survivors (1024K)
 Metaspace       used 64077K, committed 64704K, reserved 1114112K
  class space    used 8542K, committed 8832K, reserved 1048576K
}
Event: 137.437 GC heap after
{Heap after GC invocations=70 (full 0):
 garbage-first heap   total 254976K, used 82290K [0x0000000080000000, 0x0000000100000000)
  region size 1024K, 2 young (2048K), 2 survivors (2048K)
 Metaspace       used 64077K, committed 64704K, reserved 1114112K
  class space    used 8542K, committed 8832K, reserved 1048576K
}
Event: 139.426 GC heap before
{Heap before GC invocations=70 (full 0):
 garbage-first heap   total 254976K, used 92530K [0x0000000080000000, 0x0000000100000000)
  region size 1024K, 12 young (12288K), 2 survivors (2048K)
 Metaspace       used 65163K, committed 65792K, reserved 1114112K
  class space    used 8664K, committed 8960K, reserved 1048576K
}
Event: 139.497 GC heap after
{Heap after GC invocations=71 (full 0):
 garbage-first heap   total 254976K, used 82482K [0x0000000080000000, 0x0000000100000000)
  region size 1024K, 2 young (2048K), 2 survivors (2048K)
 Metaspace       used 65163K, committed 65792K, reserved 1114112K
  class space    used 8664K, committed 8960K, reserved 1048576K
}

